app/build/outputs/logs/manifest-merger-debug-report.txt
-- Merging decision tree log ---
manifest
ADDED from src\main\AndroidManifest.xml:18:1-145:12
	xmlns:android
		ADDED from src\main\AndroidManifest.xml:18:11-69
	package
		ADDED from src\main\AndroidManifest.xml:19:5-34
		INJECTED from src\main\AndroidManifest.xml
		INJECTED from src\main\AndroidManifest.xml
	android:versionName
		ADDED from src\main\AndroidManifest.xml:21:5-30
		INJECTED from src\main\AndroidManifest.xml
		INJECTED from src\main\AndroidManifest.xml
	android:versionCode
		ADDED from src\main\AndroidManifest.xml:20:5-29
		INJECTED from src\main\AndroidManifest.xml
		INJECTED from src\main\AndroidManifest.xml
uses-sdk
ADDED from src\main\AndroidManifest.xml:23:5-25:41
	android:targetSdkVersion
		ADDED from src\main\AndroidManifest.xml:25:9-38
		INJECTED from src\main\AndroidManifest.xml
		INJECTED from src\main\AndroidManifest.xml
	android:minSdkVersion
		ADDED from src\main\AndroidManifest.xml:24:9-35
		INJECTED from src\main\AndroidManifest.xml
		INJECTED from src\main\AndroidManifest.xml
uses-permission#android.permission.WRITE_EXTERNAL_STORAGE
ADDED from src\main\AndroidManifest.xml:27:5-81
	android:name
		ADDED from src\main\AndroidManifest.xml:27:22-78
uses-permission#android.permission.RECORD_AUDIO
ADDED from src\main\AndroidManifest.xml:28:5-70
	android:name
		ADDED from src\main\AndroidManifest.xml:28:22-68
uses-permission#android.permission.CAMERA
ADDED from src\main\AndroidManifest.xml:29:5-65
	android:name
		ADDED from src\main\AndroidManifest.xml:29:22-62
uses-feature#0x00020000
ADDED from src\main\AndroidManifest.xml:32:5-78
	android:required
		ADDED from src\main\AndroidManifest.xml:32:52-75
	android:glEsVersion
		ADDED from src\main\AndroidManifest.xml:32:19-51
application
ADDED from src\main\AndroidManifest.xml:34:5-143:19
	android:label
		ADDED from src\main\AndroidManifest.xml:37:9-41
	android:allowBackup
		ADDED from src\main\AndroidManifest.xml:35:9-35
	android:icon
		ADDED from src\main\AndroidManifest.xml:36:9-45
	android:theme
		ADDED from src\main\AndroidManifest.xml:38:9-40
activity#com.android.grafika.MainActivity
ADDED from src\main\AndroidManifest.xml:40:9-48:20
	android:label
		ADDED from src\main\AndroidManifest.xml:42:13-45
	android:name
		ADDED from src\main\AndroidManifest.xml:41:13-60
intent-filter#android.intent.action.MAIN+android.intent.category.LAUNCHER
ADDED from src\main\AndroidManifest.xml:43:13-47:29
action#android.intent.action.MAIN
ADDED from src\main\AndroidManifest.xml:44:17-69
	android:name
		ADDED from src\main\AndroidManifest.xml:44:25-66
category#android.intent.category.LAUNCHER
ADDED from src\main\AndroidManifest.xml:46:17-77
	android:name
		ADDED from src\main\AndroidManifest.xml:46:27-74
activity#com.android.grafika.ReadPixelsActivity
ADDED from src\main\AndroidManifest.xml:49:9-52:20
	android:label
		ADDED from src\main\AndroidManifest.xml:51:13-63
	android:name
		ADDED from src\main\AndroidManifest.xml:50:13-66
activity#com.android.grafika.PlayMovieActivity
ADDED from src\main\AndroidManifest.xml:53:9-56:20
	android:label
		ADDED from src\main\AndroidManifest.xml:55:13-62
	android:name
		ADDED from src\main\AndroidManifest.xml:54:13-65
activity#com.android.grafika.LiveCameraActivity
ADDED from src\main\AndroidManifest.xml:57:9-61:20
	android:screenOrientation
		ADDED from src\main\AndroidManifest.xml:58:13-50
	android:label
		ADDED from src\main\AndroidManifest.xml:60:13-63
	android:name
		ADDED from src\main\AndroidManifest.xml:59:13-66
activity#com.android.grafika.CameraCaptureActivity
ADDED from src\main\AndroidManifest.xml:62:9-65:20
	android:label
		ADDED from src\main\AndroidManifest.xml:64:13-66
	android:name
		ADDED from src\main\AndroidManifest.xml:63:13-69
activity#com.android.grafika.TextureViewGLActivity
ADDED from src\main\AndroidManifest.xml:66:9-69:20
	android:label
		ADDED from src\main\AndroidManifest.xml:68:13-67
	android:name
		ADDED from src\main\AndroidManifest.xml:67:13-69
activity#com.android.grafika.TextureViewCanvasActivity
ADDED from src\main\AndroidManifest.xml:70:9-73:20
	android:label
		ADDED from src\main\AndroidManifest.xml:72:13-71
	android:name
		ADDED from src\main\AndroidManifest.xml:71:13-73
activity#com.android.grafika.RecordFBOActivity
ADDED from src\main\AndroidManifest.xml:74:9-85:20
	android:label
		ADDED from src\main\AndroidManifest.xml:76:13-62
	android:theme
		ADDED from src\main\AndroidManifest.xml:77:13-71
	android:name
		ADDED from src\main\AndroidManifest.xml:75:13-65
activity#com.android.grafika.ChorTestActivity
ADDED from src\main\AndroidManifest.xml:86:9-89:20
	android:label
		ADDED from src\main\AndroidManifest.xml:88:13-61
	android:name
		ADDED from src\main\AndroidManifest.xml:87:13-64
activity#com.android.grafika.DoubleDecodeActivity
ADDED from src\main\AndroidManifest.xml:90:9-93:20
	android:label
		ADDED from src\main\AndroidManifest.xml:92:13-65
	android:name
		ADDED from src\main\AndroidManifest.xml:91:13-68
activity#com.android.grafika.ContinuousCaptureActivity
ADDED from src\main\AndroidManifest.xml:94:9-97:20
	android:label
		ADDED from src\main\AndroidManifest.xml:96:13-70
	android:name
		ADDED from src\main\AndroidManifest.xml:95:13-73
activity#com.android.grafika.SoftInputSurfaceActivity
ADDED from src\main\AndroidManifest.xml:98:9-101:20
	android:label
		ADDED from src\main\AndroidManifest.xml:100:13-70
	android:name
		ADDED from src\main\AndroidManifest.xml:99:13-72
activity#com.android.grafika.HardwareScalerActivity
ADDED from src\main\AndroidManifest.xml:102:9-106:20
	android:label
		ADDED from src\main\AndroidManifest.xml:104:13-67
	android:theme
		ADDED from src\main\AndroidManifest.xml:105:13-71
	android:name
		ADDED from src\main\AndroidManifest.xml:103:13-70
activity#com.android.grafika.GlesInfoActivity
ADDED from src\main\AndroidManifest.xml:107:9-110:20
	android:label
		ADDED from src\main\AndroidManifest.xml:109:13-61
	android:name
		ADDED from src\main\AndroidManifest.xml:108:13-64
activity#com.android.grafika.PlayMovieSurfaceActivity
ADDED from src\main\AndroidManifest.xml:111:9-114:20
	android:label
		ADDED from src\main\AndroidManifest.xml:113:13-70
	android:name
		ADDED from src\main\AndroidManifest.xml:112:13-72
activity#com.android.grafika.MultiSurfaceActivity
ADDED from src\main\AndroidManifest.xml:115:9-119:20
	android:label
		ADDED from src\main\AndroidManifest.xml:117:13-70
	android:theme
		ADDED from src\main\AndroidManifest.xml:118:13-54
	android:name
		ADDED from src\main\AndroidManifest.xml:116:13-68
activity#com.android.grafika.CodecOpenActivity
ADDED from src\main\AndroidManifest.xml:120:9-123:20
	android:label
		ADDED from src\main\AndroidManifest.xml:122:13-62
	android:name
		ADDED from src\main\AndroidManifest.xml:121:13-65
activity#com.android.grafika.TextureUploadActivity
ADDED from src\main\AndroidManifest.xml:124:9-127:20
	android:label
		ADDED from src\main\AndroidManifest.xml:126:13-66
	android:name
		ADDED from src\main\AndroidManifest.xml:125:13-69
activity#com.android.grafika.ColorBarActivity
ADDED from src\main\AndroidManifest.xml:128:9-132:20
	android:label
		ADDED from src\main\AndroidManifest.xml:130:13-52
	android:theme
		ADDED from src\main\AndroidManifest.xml:131:13-71
	android:name
		ADDED from src\main\AndroidManifest.xml:129:13-64
activity#com.android.grafika.ScheduledSwapActivity
ADDED from src\main\AndroidManifest.xml:133:9-137:20
	android:label
		ADDED from src\main\AndroidManifest.xml:135:13-57
	android:theme
		ADDED from src\main\AndroidManifest.xml:136:13-55
	android:name
		ADDED from src\main\AndroidManifest.xml:134:13-69
activity#com.android.grafika.TextureFromCameraActivity
ADDED from src\main\AndroidManifest.xml:138:9-142:20
	android:label
		ADDED from src\main\AndroidManifest.xml:140:13-62
	android:theme
		ADDED from src\main\AndroidManifest.xml:141:13-71
	android:name
		ADDED from src\main\AndroidManifest.xml:139:13-73